0 verbose cli C:\Program Files\nodejs\node.exe C:\Program Files\nodejs\node_modules\npm\bin\npm-cli.js
1 info using npm@10.9.4
2 info using node@v22.21.1
3 silly config load:file:C:\Program Files\nodejs\node_modules\npm\npmrc
4 silly config load:file:E:\sps\sps-MOBILE\.npmrc
5 silly config load:file:E:\sps\sps-MOBILE\.expo-profile\.npmrc
6 silly config load:file:E:\sps\sps-MOBILE\.expo-profile\AppData\Roaming\npm\etc\npmrc
7 verbose title npm exec expo start --web --port 8082 --host localhost
8 verbose argv "exec" "--" "expo" "start" "--web" "--port" "8082" "--host" "localhost"
9 verbose logfile logs-max:10 dir:E:\sps\sps-MOBILE\.expo-profile\AppData\Local\npm-cache\_logs\2026-06-26T13_57_14_559Z-
10 verbose logfile E:\sps\sps-MOBILE\.expo-profile\AppData\Local\npm-cache\_logs\2026-06-26T13_57_14_559Z-debug-0.log
11 silly logfile done cleaning log files
12 http fetch GET 200 https://registry.npmjs.org/npm 336ms
13 verbose cwd E:\sps\sps-MOBILE
14 verbose os Windows_NT 10.0.26200
15 verbose node v22.21.1
16 verbose npm  v10.9.4
17 notice
17 notice New major version of npm available! 10.9.4 -> 11.17.0
17 notice Changelog: https://github.com/npm/cli/releases/tag/v11.17.0
17 notice To update run: npm install -g npm@11.17.0
17 notice  { force: true, [Symbol(proc-log.meta)]: true }
18 verbose exit 0
19 info ok
